<html>
<head>
<title>TestNG:  Test</title>
<link href="../testng.css" rel="stylesheet" type="text/css" />
<link href="../my-testng.css" rel="stylesheet" type="text/css" />

<style type="text/css">
.log { display: none;} 
.stack-trace { display: none;} 
</style>
<script type="text/javascript">
<!--
function flip(e) {
  current = e.style.display;
  if (current == 'block') {
    e.style.display = 'none';
    return 0;
  }
  else {
    e.style.display = 'block';
    return 1;
  }
}

function toggleBox(szDivId, elem, msg1, msg2)
{
  var res = -1;  if (document.getElementById) {
    res = flip(document.getElementById(szDivId));
  }
  else if (document.all) {
    // this is the way old msie versions work
    res = flip(document.all[szDivId]);
  }
  if(elem) {
    if(res == 0) elem.innerHTML = msg1; else elem.innerHTML = msg2;
  }

}

function toggleAllBoxes() {
  if (document.getElementsByTagName) {
    d = document.getElementsByTagName('div');
    for (i = 0; i < d.length; i++) {
      if (d[i].className == 'log') {
        flip(d[i]);
      }
    }
  }
}

// -->
</script>

</head>
<body>
<h2 align='center'>Test</h2><table border='1' align="center">
<tr>
<td>Tests passed/Failed/Skipped:</td><td>17/2/1</td>
</tr><tr>
<td>Started on:</td><td>Tue Aug 13 10:57:33 IST 2019</td>
</tr>
<tr><td>Total time:</td><td>70 seconds (70401 ms)</td>
</tr><tr>
<td>Included groups:</td><td></td>
</tr><tr>
<td>Excluded groups:</td><td></td>
</tr>
</table><p/>
<small><i>(Hover the method name to see the test class name)</i></small><p/>
<table width='100%' border='1' class='invocation-failed'>
<tr><td colspan='4' align='center'><b>FAILED TESTS</b></td></tr>
<tr><td><b>Test method</b></td>
<td width="30%"><b>Exception</b></td>
<td width="10%"><b>Time (seconds)</b></td>
<td><b>Instance</b></td>
</tr>
<tr>
<td title='testNG.Asserstions.test1()'><b>test1</b><br>Test class: testNG.Asserstions</td>
<td><div><pre>java.lang.AssertionError: failed expected [invalid] but found [actiTIME - Login]
	at testNG.Asserstions.test1(Asserstions.java:17)
... Removed 29 stack frames</pre></div><a href='#' onClick='toggleBox("stack-trace9797126", this, "Click to show all stack frames", "Click to hide stack frames")'>Click to show all stack frames</a>
<div class='stack-trace' id='stack-trace9797126'><pre>java.lang.AssertionError: failed expected [invalid] but found [actiTIME - Login]
	at org.testng.Assert.fail(Assert.java:94)
	at org.testng.Assert.failNotEquals(Assert.java:513)
	at org.testng.Assert.assertEqualsImpl(Assert.java:135)
	at org.testng.Assert.assertEquals(Assert.java:116)
	at org.testng.Assert.assertEquals(Assert.java:190)
	at testNG.Asserstions.test1(Asserstions.java:17)
	at sun.reflect.NativeMethodAccessorImpl.invoke0(Native Method)
	at sun.reflect.NativeMethodAccessorImpl.invoke(Unknown Source)
	at sun.reflect.DelegatingMethodAccessorImpl.invoke(Unknown Source)
	at java.lang.reflect.Method.invoke(Unknown Source)
	at org.testng.internal.MethodInvocationHelper.invokeMethod(MethodInvocationHelper.java:86)
	at org.testng.internal.Invoker.invokeMethod(Invoker.java:645)
	at org.testng.internal.Invoker.invokeTestMethod(Invoker.java:822)
	at org.testng.internal.Invoker.invokeTestMethods(Invoker.java:1130)
	at org.testng.internal.TestMethodWorker.invokeTestMethods(TestMethodWorker.java:129)
	at org.testng.internal.TestMethodWorker.run(TestMethodWorker.java:112)
	at org.testng.TestRunner.privateRun(TestRunner.java:782)
	at org.testng.TestRunner.run(TestRunner.java:632)
	at org.testng.SuiteRunner.runTest(SuiteRunner.java:366)
	at org.testng.SuiteRunner.runSequentially(SuiteRunner.java:361)
	at org.testng.SuiteRunner.privateRun(SuiteRunner.java:319)
	at org.testng.SuiteRunner.run(SuiteRunner.java:268)
	at org.testng.SuiteRunnerWorker.runSuite(SuiteRunnerWorker.java:52)
	at org.testng.SuiteRunnerWorker.run(SuiteRunnerWorker.java:86)
	at org.testng.TestNG.runSuitesSequentially(TestNG.java:1244)
	at org.testng.TestNG.runSuitesLocally(TestNG.java:1169)
	at org.testng.TestNG.run(TestNG.java:1064)
	at org.testng.remote.RemoteTestNG.run(RemoteTestNG.java:113)
	at org.testng.remote.RemoteTestNG.initAndRun(RemoteTestNG.java:206)
	at org.testng.remote.RemoteTestNG.main(RemoteTestNG.java:177)
</pre></div></td>
<td>43</td>
<td>testNG.Asserstions@5a39699c</td></tr>
<tr>
<td title='testNG.Asserstions.test2()'><b>test2</b><br>Test class: testNG.Asserstions</td>
<td><div><pre>java.lang.AssertionError: The following asserts failed:
	expected [invalid] but found [actiTIME - Login]
	at testNG.Asserstions.test2(Asserstions.java:32)
... Removed 25 stack frames</pre></div><a href='#' onClick='toggleBox("stack-trace214187874", this, "Click to show all stack frames", "Click to hide stack frames")'>Click to show all stack frames</a>
<div class='stack-trace' id='stack-trace214187874'><pre>java.lang.AssertionError: The following asserts failed:
	expected [invalid] but found [actiTIME - Login]
	at org.testng.asserts.SoftAssert.assertAll(SoftAssert.java:43)
	at testNG.Asserstions.test2(Asserstions.java:32)
	at sun.reflect.NativeMethodAccessorImpl.invoke0(Native Method)
	at sun.reflect.NativeMethodAccessorImpl.invoke(Unknown Source)
	at sun.reflect.DelegatingMethodAccessorImpl.invoke(Unknown Source)
	at java.lang.reflect.Method.invoke(Unknown Source)
	at org.testng.internal.MethodInvocationHelper.invokeMethod(MethodInvocationHelper.java:86)
	at org.testng.internal.Invoker.invokeMethod(Invoker.java:645)
	at org.testng.internal.Invoker.invokeTestMethod(Invoker.java:822)
	at org.testng.internal.Invoker.invokeTestMethods(Invoker.java:1130)
	at org.testng.internal.TestMethodWorker.invokeTestMethods(TestMethodWorker.java:129)
	at org.testng.internal.TestMethodWorker.run(TestMethodWorker.java:112)
	at org.testng.TestRunner.privateRun(TestRunner.java:782)
	at org.testng.TestRunner.run(TestRunner.java:632)
	at org.testng.SuiteRunner.runTest(SuiteRunner.java:366)
	at org.testng.SuiteRunner.runSequentially(SuiteRunner.java:361)
	at org.testng.SuiteRunner.privateRun(SuiteRunner.java:319)
	at org.testng.SuiteRunner.run(SuiteRunner.java:268)
	at org.testng.SuiteRunnerWorker.runSuite(SuiteRunnerWorker.java:52)
	at org.testng.SuiteRunnerWorker.run(SuiteRunnerWorker.java:86)
	at org.testng.TestNG.runSuitesSequentially(TestNG.java:1244)
	at org.testng.TestNG.runSuitesLocally(TestNG.java:1169)
	at org.testng.TestNG.run(TestNG.java:1064)
	at org.testng.remote.RemoteTestNG.run(RemoteTestNG.java:113)
	at org.testng.remote.RemoteTestNG.initAndRun(RemoteTestNG.java:206)
	at org.testng.remote.RemoteTestNG.main(RemoteTestNG.java:177)
</pre></div></td>
<td>27</td>
<td>testNG.Asserstions@5a39699c</td></tr>
</table><p>
<table width='100%' border='1' class='invocation-passed'>
<tr><td colspan='4' align='center'><b>PASSED TESTS</b></td></tr>
<tr><td><b>Test method</b></td>
<td width="30%"><b>Exception</b></td>
<td width="10%"><b>Time (seconds)</b></td>
<td><b>Instance</b></td>
</tr>
<tr>
<td title='testNG.Priority.AeROPriority()'><b>AeROPriority</b><br>Test class: testNG.Priority<br/>
<a href="#Output-1272883899" onClick='toggleBox("Output-1272883899", this, "Show output", "Hide output");'>Show output</a>

<a href="#Output-1272883899" onClick="toggleAllBoxes();">Show all outputs</a>
<div class='log' id="Output-1272883899">
zero priority<br/>
</div>
</td>
<td></td>
<td>0</td>
<td>testNG.Priority@2d209079</td></tr>
<tr>
<td title='testNG.Groups.createUSER()'><b>createUSER</b><br>Test class: testNG.Groups<br/>
<a href="#Output-398457879" onClick='toggleBox("Output-398457879", this, "Show output", "Hide output");'>Show output</a>

<a href="#Output-398457879" onClick="toggleAllBoxes();">Show all outputs</a>
<div class='log' id="Output-398457879">
create user<br/>
</div>
</td>
<td></td>
<td>0</td>
<td>testNG.Groups@d041cf</td></tr>
<tr>
<td title='testNG.DemoAnottaions2.createUser()'><b>createUser</b><br>Test class: testNG.DemoAnottaions2<br/>
<a href="#Output-24433162" onClick='toggleBox("Output-24433162", this, "Show output", "Hide output");'>Show output</a>

<a href="#Output-24433162" onClick="toggleAllBoxes();">Show all outputs</a>
<div class='log' id="Output-24433162">
create User<br/>
</div>
</td>
<td></td>
<td>0</td>
<td>testNG.DemoAnottaions2@2c8d66b2</td></tr>
<tr>
<td title='testNG.DeMoA.createUser()'><b>createUser</b><br>Test class: testNG.DeMoA<br/>
<a href="#Output-2144665602" onClick='toggleBox("Output-2144665602", this, "Show output", "Hide output");'>Show output</a>

<a href="#Output-2144665602" onClick="toggleAllBoxes();">Show all outputs</a>
<div class='log' id="Output-2144665602">
create user<br/>
</div>
</td>
<td></td>
<td>0</td>
<td>testNG.DeMoA@1b0375b3</td></tr>
<tr>
<td title='testNG.Groups.createUser2()'><b>createUser2</b><br>Test class: testNG.Groups<br/>
<a href="#Output-1125964210" onClick='toggleBox("Output-1125964210", this, "Show output", "Hide output");'>Show output</a>

<a href="#Output-1125964210" onClick="toggleAllBoxes();">Show all outputs</a>
<div class='log' id="Output-1125964210">
create user2<br/>
</div>
</td>
<td></td>
<td>0</td>
<td>testNG.Groups@d041cf</td></tr>
<tr>
<td title='testNG.DemoA1.deleteUser()'><b>deleteUser</b><br>Test class: testNG.DemoA1<br/>
<a href="#Output-1292738535" onClick='toggleBox("Output-1292738535", this, "Show output", "Hide output");'>Show output</a>

<a href="#Output-1292738535" onClick="toggleAllBoxes();">Show all outputs</a>
<div class='log' id="Output-1292738535">
delete user<br/>
</div>
</td>
<td></td>
<td>0</td>
<td>testNG.DemoA1@2f7c7260</td></tr>
<tr>
<td title='testNG.AnnotationsDemo.deleteuser()'><b>deleteuser</b><br>Test class: testNG.AnnotationsDemo<br/>
<a href="#Output-2077742806" onClick='toggleBox("Output-2077742806", this, "Show output", "Hide output");'>Show output</a>

<a href="#Output-2077742806" onClick="toggleAllBoxes();">Show all outputs</a>
<div class='log' id="Output-2077742806">
delete user		-- test class execution0<br/>
</div>
</td>
<td></td>
<td>0</td>
<td>testNG.AnnotationsDemo@6bdf28bb</td></tr>
<tr>
<td title='testNG.Groups.dependecnyTest()'><b>dependecnyTest</b><br>Test class: testNG.Groups<br/>
<a href="#Output-1585239756" onClick='toggleBox("Output-1585239756", this, "Show output", "Hide output");'>Show output</a>

<a href="#Output-1585239756" onClick="toggleAllBoxes();">Show all outputs</a>
<div class='log' id="Output-1585239756">
dependeny test case<br/>
</div>
</td>
<td></td>
<td>0</td>
<td>testNG.Groups@d041cf</td></tr>
<tr>
<td title='testNG.NewTest2.f()'><b>f</b><br>Test class: testNG.NewTest2<br/>
<a href="#Output-1835073088" onClick='toggleBox("Output-1835073088", this, "Show output", "Hide output");'>Show output</a>

<a href="#Output-1835073088" onClick="toggleAllBoxes();">Show all outputs</a>
<div class='log' id="Output-1835073088">
my test2<br/>
</div>
</td>
<td></td>
<td>0</td>
<td>testNG.NewTest2@1134affc</td></tr>
<tr>
<td title='testNG.Priority.invocationCount()'><b>invocationCount</b><br>Test class: testNG.Priority<br/>
<a href="#Output-1551945522" onClick='toggleBox("Output-1551945522", this, "Show output", "Hide output");'>Show output</a>

<a href="#Output-1551945522" onClick="toggleAllBoxes();">Show all outputs</a>
<div class='log' id="Output-1551945522">
invocation count  twice<br/>
</div>
</td>
<td></td>
<td>0</td>
<td>testNG.Priority@2d209079</td></tr>
<tr>
<td title='testNG.Priority.invocationCount()'><b>invocationCount</b><br>Test class: testNG.Priority<br/>
<a href="#Output-2052910813" onClick='toggleBox("Output-2052910813", this, "Show output", "Hide output");'>Show output</a>

<a href="#Output-2052910813" onClick="toggleAllBoxes();">Show all outputs</a>
<div class='log' id="Output-2052910813">
invocation count  twice<br/>
</div>
</td>
<td></td>
<td>0</td>
<td>testNG.Priority@2d209079</td></tr>
<tr>
<td title='testNG.Priority.negativePriority()'><b>negativePriority</b><br>Test class: testNG.Priority<br/>
<a href="#Output-1651945012" onClick='toggleBox("Output-1651945012", this, "Show output", "Hide output");'>Show output</a>

<a href="#Output-1651945012" onClick="toggleAllBoxes();">Show all outputs</a>
<div class='log' id="Output-1651945012">
 test case with priority -1<br/>
</div>
</td>
<td></td>
<td>0</td>
<td>testNG.Priority@2d209079</td></tr>
<tr>
<td title='testNG.DataProvider.test()'><b>test</b><br>Test class: testNG.DataProvider<br>Parameters: user A, A1<br/>
<a href="#Output-335708295" onClick='toggleBox("Output-335708295", this, "Show output", "Hide output");'>Show output</a>

<a href="#Output-335708295" onClick="toggleAllBoxes();">Show all outputs</a>
<div class='log' id="Output-335708295">
user user A password A1<br/>
</div>
</td>
<td></td>
<td>0</td>
<td>testNG.DataProvider@3cb5cdba</td></tr>
<tr>
<td title='testNG.DataProvider.test()'><b>test</b><br>Test class: testNG.DataProvider<br>Parameters: user B, B1<br/>
<a href="#Output-2114289475" onClick='toggleBox("Output-2114289475", this, "Show output", "Hide output");'>Show output</a>

<a href="#Output-2114289475" onClick="toggleAllBoxes();">Show all outputs</a>
<div class='log' id="Output-2114289475">
user user B password B1<br/>
</div>
</td>
<td></td>
<td>0</td>
<td>testNG.DataProvider@3cb5cdba</td></tr>
<tr>
<td title='testNG.DataProvider.test()'><b>test</b><br>Test class: testNG.DataProvider<br>Parameters: user C, C1<br/>
<a href="#Output-572145572" onClick='toggleBox("Output-572145572", this, "Show output", "Hide output");'>Show output</a>

<a href="#Output-572145572" onClick="toggleAllBoxes();">Show all outputs</a>
<div class='log' id="Output-572145572">
user user C password C1<br/>
</div>
</td>
<td></td>
<td>0</td>
<td>testNG.DataProvider@3cb5cdba</td></tr>
<tr>
<td title='testNG.Priority.test()'><b>test</b><br>Test class: testNG.Priority<br/>
<a href="#Output-1439394198" onClick='toggleBox("Output-1439394198", this, "Show output", "Hide output");'>Show output</a>

<a href="#Output-1439394198" onClick="toggleAllBoxes();">Show all outputs</a>
<div class='log' id="Output-1439394198">
test1 with priority1<br/>
</div>
</td>
<td></td>
<td>0</td>
<td>testNG.Priority@2d209079</td></tr>
<tr>
<td title='testNG.TestNgDemo.testDemo()'><b>testDemo</b><br>Test class: testNG.TestNgDemo<br/>
<a href="#Output-2061543916" onClick='toggleBox("Output-2061543916", this, "Show output", "Hide output");'>Show output</a>

<a href="#Output-2061543916" onClick="toggleAllBoxes();">Show all outputs</a>
<div class='log' id="Output-2061543916">
my test<br/>
</div>
</td>
<td></td>
<td>0</td>
<td>testNG.TestNgDemo@129a8472</td></tr>
</table><p>
<table width='100%' border='1' class='invocation-skipped'>
<tr><td colspan='4' align='center'><b>SKIPPED TESTS</b></td></tr>
<tr><td><b>Test method</b></td>
<td width="30%"><b>Exception</b></td>
<td width="10%"><b>Time (seconds)</b></td>
<td><b>Instance</b></td>
</tr>
<tr>
<td title='testNG.Parameters.mytest()'><b>mytest</b><br>Test class: testNG.Parameters</td>
<td><div><pre>org.testng.TestNGException: 
Parameter &apos;username&apos; is required by @Test on method mytest but has not been marked @Optional or defined
in C:\Users\Ravi\eclipse-workspace\selenium\testng.xml
... Removed 22 stack frames</pre></div><a href='#' onClick='toggleBox("stack-trace1082309267", this, "Click to show all stack frames", "Click to hide stack frames")'>Click to show all stack frames</a>
<div class='stack-trace' id='stack-trace1082309267'><pre>org.testng.TestNGException: 
Parameter &apos;username&apos; is required by @Test on method mytest but has not been marked @Optional or defined
in C:\Users\Ravi\eclipse-workspace\selenium\testng.xml
	at org.testng.internal.Parameters.createParameters(Parameters.java:154)
	at org.testng.internal.Parameters.createParameters(Parameters.java:361)
	at org.testng.internal.Parameters.handleParameters(Parameters.java:451)
	at org.testng.internal.Invoker.handleParameters(Invoker.java:1276)
	at org.testng.internal.Invoker.createParameters(Invoker.java:991)
	at org.testng.internal.Invoker.invokeTestMethods(Invoker.java:1081)
	at org.testng.internal.TestMethodWorker.invokeTestMethods(TestMethodWorker.java:129)
	at org.testng.internal.TestMethodWorker.run(TestMethodWorker.java:112)
	at org.testng.TestRunner.privateRun(TestRunner.java:782)
	at org.testng.TestRunner.run(TestRunner.java:632)
	at org.testng.SuiteRunner.runTest(SuiteRunner.java:366)
	at org.testng.SuiteRunner.runSequentially(SuiteRunner.java:361)
	at org.testng.SuiteRunner.privateRun(SuiteRunner.java:319)
	at org.testng.SuiteRunner.run(SuiteRunner.java:268)
	at org.testng.SuiteRunnerWorker.runSuite(SuiteRunnerWorker.java:52)
	at org.testng.SuiteRunnerWorker.run(SuiteRunnerWorker.java:86)
	at org.testng.TestNG.runSuitesSequentially(TestNG.java:1244)
	at org.testng.TestNG.runSuitesLocally(TestNG.java:1169)
	at org.testng.TestNG.run(TestNG.java:1064)
	at org.testng.remote.RemoteTestNG.run(RemoteTestNG.java:113)
	at org.testng.remote.RemoteTestNG.initAndRun(RemoteTestNG.java:206)
	at org.testng.remote.RemoteTestNG.main(RemoteTestNG.java:177)
</pre></div></td>
<td>0</td>
<td>testNG.Parameters@56cbfb61</td></tr>
</table><p>
</body>
</html>